TN:
SF:src/middleware.ts
FN:7,middleware
FNF:1
FNH:1
FNDA:3,middleware
DA:1,1
DA:2,1
DA:3,1
DA:4,1
DA:5,1
DA:6,1
DA:7,1
DA:8,3
DA:9,3
DA:10,3
DA:11,3
DA:12,3
DA:13,3
DA:14,9
DA:15,9
DA:16,9
DA:17,9
DA:18,9
DA:19,3
DA:20,3
DA:21,3
DA:22,3
DA:23,3
DA:24,1
DA:25,1
DA:26,2
DA:27,2
DA:28,3
DA:29,1
DA:30,1
DA:31,1
DA:32,1
DA:33,1
DA:34,1
DA:35,1
DA:36,1
DA:37,1
DA:38,1
LF:38
LH:38
BRDA:7,0,0,3
BRDA:21,1,0,0
BRDA:23,2,0,1
BRDA:25,3,0,2
BRDA:28,4,0,1
BRDA:13,5,0,9
BRDA:15,6,0,0
BRF:7
BRH:5
end_of_record
TN:
SF:src/lib/routes/accessMap.ts
FN:11,EN_FAMILY_EDIT
FN:12,JP_FAMILY_EDIT
FNF:2
FNH:2
FNDA:1,EN_FAMILY_EDIT
FNDA:1,JP_FAMILY_EDIT
DA:1,1
DA:2,1
DA:3,1
DA:4,1
DA:5,1
DA:6,1
DA:7,1
DA:8,1
DA:9,1
DA:10,1
DA:11,1
DA:12,1
DA:13,1
DA:14,1
DA:15,1
DA:16,1
DA:17,1
DA:18,1
DA:19,1
DA:20,1
DA:21,1
DA:22,1
LF:22
LH:22
BRDA:11,0,0,1
BRDA:12,1,0,1
BRF:2
BRH:2
end_of_record
